# JRE version: Java(TM) SE Runtime Environment (12.0+33) (build 12+33)
# Java VM: Java HotSpot(TM) 64-Bit Server VM (12+33, mixed mode, sharing, tiered, compressed oops, g1 gc, bsd-amd64)
Heap:
 garbage-first heap   total 264192K, used 18324K [0x00000007e0000000, 0x0000000800000000)
  region size 1024K, 14 young (14336K), 1 survivors (1024K)
 Metaspace       used 7913K, capacity 10602K, committed 10752K, reserved 1058816K
  class space    used 886K, capacity 1196K, committed 1280K, reserved 1048576K
GC Heap History (6 events):
Event: 32.812 GC heap before
{Heap before GC invocations=0 (full 0):
 garbage-first heap   total 264192K, used 25300K [0x00000007e0000000, 0x0000000800000000)
  region size 1024K, 24 young (24576K), 0 survivors (0K)
 Metaspace       used 6622K, capacity 9654K, committed 9856K, reserved 1058816K
  class space    used 824K, capacity 1103K, committed 1152K, reserved 1048576K
}
Event: 32.823 GC heap after
{Heap after GC invocations=1 (full 0):
 garbage-first heap   total 264192K, used 5364K [0x00000007e0000000, 0x0000000800000000)
  region size 1024K, 3 young (3072K), 3 survivors (3072K)
 Metaspace       used 6622K, capacity 9654K, committed 9856K, reserved 1058816K
  class space    used 824K, capacity 1103K, committed 1152K, reserved 1048576K
}
Event: 4618.981 GC heap before
{Heap before GC invocations=1 (full 0):
 garbage-first heap   total 264192K, used 38132K [0x00000007e0000000, 0x0000000800000000)
  region size 1024K, 35 young (35840K), 3 survivors (3072K)
 Metaspace       used 7703K, capacity 10537K, committed 10752K, reserved 1058816K
  class space    used 886K, capacity 1196K, committed 1280K, reserved 1048576K
}
Event: 4618.990 GC heap after
{Heap after GC invocations=2 (full 0):
 garbage-first heap   total 264192K, used 6319K [0x00000007e0000000, 0x0000000800000000)
  region size 1024K, 1 young (1024K), 1 survivors (1024K)
 Metaspace       used 7703K, capacity 10537K, committed 10752K, reserved 1058816K
  class space    used 886K, capacity 1196K, committed 1280K, reserved 1048576K
}
Event: 23161.148 GC heap before
{Heap before GC invocations=2 (full 0):
 garbage-first heap   total 264192K, used 56495K [0x00000007e0000000, 0x0000000800000000)
  region size 1024K, 50 young (51200K), 1 survivors (1024K)
 Metaspace       used 7890K, capacity 10602K, committed 10752K, reserved 1058816K
  class space    used 886K, capacity 1196K, committed 1280K, reserved 1048576K
}
Event: 23161.175 GC heap after
{Heap after GC invocations=3 (full 0):
 garbage-first heap   total 264192K, used 6036K [0x00000007e0000000, 0x0000000800000000)
  region size 1024K, 1 young (1024K), 1 survivors (1024K)
 Metaspace       used 7890K, capacity 10602K, committed 10752K, reserved 1058816K
  class space    used 886K, capacity 1196K, committed 1280K, reserved 1048576K
}

